<?xml version="1.0" encoding="UTF-8"?>
<testng-results skipped="0" failed="0" total="1" passed="1">
  <reporter-output>
  </reporter-output>
  <suite name="Default suite" duration-ms="24387" started-at="2017-12-31T20:01:43Z" finished-at="2017-12-31T20:02:08Z">
    <groups>
    </groups>
    <test name="Default test" duration-ms="24387" started-at="2017-12-31T20:01:43Z" finished-at="2017-12-31T20:02:08Z">
      <class name="testcases.VerifyhomePageExtentReportwithscreenshot">
        <test-method status="PASS" signature="setUp()[pri:0, instance:testcases.VerifyhomePageExtentReportwithscreenshot@4501b7af]" name="setUp" is-config="true" duration-ms="14148" started-at="2018-01-01T01:31:43Z" finished-at="2018-01-01T01:31:58Z">
          <reporter-output>
          </reporter-output>
        </test-method> <!-- setUp -->
        <test-method status="PASS" signature="testHomePage()[pri:0, instance:testcases.VerifyhomePageExtentReportwithscreenshot@4501b7af]" name="testHomePage" duration-ms="6326" started-at="2018-01-01T01:31:58Z" finished-at="2018-01-01T01:32:04Z">
          <reporter-output>
          </reporter-output>
        </test-method> <!-- testHomePage -->
        <test-method status="PASS" signature="close(org.testng.ITestResult)[pri:0, instance:testcases.VerifyhomePageExtentReportwithscreenshot@4501b7af]" name="close" is-config="true" duration-ms="3882" started-at="2018-01-01T01:32:04Z" finished-at="2018-01-01T01:32:08Z">
          <params>
            <param index="0">
              <value>
                <![CDATA[[TestResult name=testHomePage status=SUCCESS method=VerifyhomePageExtentReportwithscreenshot.testHomePage()[pri:0, instance:testcases.VerifyhomePageExtentReportwithscreenshot@4501b7af] output={null}]]]>
              </value>
            </param>
          </params>
          <reporter-output>
          </reporter-output>
        </test-method> <!-- close -->
      </class> <!-- testcases.VerifyhomePageExtentReportwithscreenshot -->
    </test> <!-- Default test -->
  </suite> <!-- Default suite -->
</testng-results>
